<?xml version="1.0" encoding="UTF-8"?>
<!-- Generated by org.testng.reporters.JUnitReportReporter -->
<testsuite skipped="0" hostname="DESKTOP-87MMMFU" name="academy2.ValidateTitle" tests="1" failures="0" timestamp="2020-02-25T14:20:33 AEDT" time="8.914" errors="0">
  <testcase name="titleRediff" time="8.914" classname="academy2.ValidateTitle"/>
  <system-out/>
</testsuite> <!-- academy2.ValidateTitle -->
