<?xml version="1.0" encoding="UTF-8"?>
<!-- Generated by org.testng.reporters.JUnitReportReporter -->
<testsuite skipped="0" hostname="DESKTOP-87MMMFU" name="academy2.validateNavigationBar" tests="1" failures="0" timestamp="2020-02-25T14:20:33 AEDT" time="0.183" errors="0">
  <testcase name="navigateBar" time="0.183" classname="academy2.validateNavigationBar"/>
  <system-out/>
</testsuite> <!-- academy2.validateNavigationBar -->
