<?xml version="1.0" encoding="UTF-8"?>
<!-- Generated by org.testng.reporters.JUnitReportReporter -->
<testsuite skipped="0" hostname="DESKTOP-87MMMFU" name="academy2.HomePage2" tests="2" failures="0" timestamp="2020-02-25T15:35:01 AEDT" time="10.442" errors="0">
  <testcase name="basePageNavigation" time="1.965" classname="academy2.HomePage2"/>
  <system-out/>
  <testcase name="basePageNavigation" time="8.477" classname="academy2.HomePage2"/>
  <system-out/>
</testsuite> <!-- academy2.HomePage2 -->
