<?xml version="1.0" encoding="UTF-8"?>
<!-- Generated by org.testng.reporters.JUnitReportReporter -->
<testsuite skipped="0" hostname="DESKTOP-87MMMFU" name="academy2.ValidateTitle" tests="2" failures="0" timestamp="2020-02-27T16:14:57 AEDT" time="0.410" errors="0">
  <testcase name="titleMoney" time="0.359" classname="academy2.ValidateTitle"/>
  <system-out/>
  <testcase name="titleRediff" time="0.051" classname="academy2.ValidateTitle"/>
  <system-out/>
</testsuite> <!-- academy2.ValidateTitle -->
